\BOOKMARK [1][-]{section*.1}{\376\377\000A\000b\000s\000t\000r\000a\000c\000t}{}% 1
\BOOKMARK [1][-]{section.1}{\376\377\0001\000\040\000I\000n\000t\000r\000o\000d\000u\000c\000t\000i\000o\000n}{}% 2
\BOOKMARK [1][-]{section.2}{\376\377\0002\000\040\000B\000a\000c\000k\000g\000r\000o\000u\000n\000d\000\040\000a\000n\000d\000\040\000N\000o\000t\000a\000t\000i\000o\000n}{}% 3
\BOOKMARK [1][-]{section.3}{\376\377\0003\000\040\000H\000i\000s\000t\000o\000r\000i\000c\000a\000l\000\040\000W\000h\000a\000t\000-\000i\000f\000\040\000Q\000u\000e\000r\000i\000e\000s}{}% 4
\BOOKMARK [1][-]{section.4}{\376\377\0004\000\040\000N\000a\000\357\000v\000e\000\040\000A\000l\000g\000o\000r\000i\000t\000h\000m}{}% 5
\BOOKMARK [1][-]{section.5}{\376\377\0005\000\040\000O\000v\000e\000r\000v\000i\000e\000w\000\040\000o\000f\000\040\000O\000u\000r\000\040\000A\000p\000p\000r\000o\000a\000c\000h}{}% 6
\BOOKMARK [2][-]{subsection.5.1}{\376\377\0005\000.\0001\000\040\000R\000e\000e\000n\000a\000c\000t\000m\000e\000n\000t}{section.5}% 7
\BOOKMARK [2][-]{subsection.5.2}{\376\377\0005\000.\0002\000\040\000R\000e\000e\000n\000a\000c\000t\000i\000n\000g\000\040\000H\000i\000s\000t\000o\000r\000i\000c\000a\000l\000\040\000W\000h\000a\000t\000-\000i\000f\000\040\000Q\000u\000e\000r\000i\000e\000s}{section.5}% 8
\BOOKMARK [1][-]{section.6}{\376\377\0006\000\040\000D\000a\000t\000a\000\040\000S\000l\000i\000c\000i\000n\000g}{}% 9
\BOOKMARK [1][-]{section.7}{\376\377\0007\000\040\000P\000r\000o\000g\000r\000a\000m\000\040\000S\000l\000i\000c\000i\000n\000g}{}% 10
\BOOKMARK [1][-]{section.8}{\376\377\0008\000\040\000S\000l\000i\000c\000i\000n\000g\000\040\000w\000i\000t\000h\000\040\000S\000y\000m\000b\000o\000l\000i\000c\000\040\000E\000x\000e\000c\000u\000t\000i\000o\000n}{}% 11
\BOOKMARK [2][-]{subsection.8.1}{\376\377\0008\000.\0001\000\040\000I\000n\000c\000o\000m\000p\000l\000e\000t\000e\000\040\000D\000a\000t\000a\000b\000a\000s\000e\000s\000\040\000a\000n\000d\000\040\000V\000i\000r\000t\000u\000a\000l\000\040\000C\000-\000T\000a\000b\000l\000e\000s}{section.8}% 12
\BOOKMARK [2][-]{subsection.8.2}{\376\377\0008\000.\0002\000\040\000U\000p\000d\000a\000t\000e\000s\000\040\000o\000n\000\040\000V\000C\000-\000T\000a\000b\000l\000e\000s}{section.8}% 13
\BOOKMARK [2][-]{subsection.8.3}{\376\377\0008\000.\0003\000\040\000C\000o\000m\000p\000u\000t\000i\000n\000g\000\040\000S\000l\000i\000c\000e\000s\000\040\000w\000i\000t\000h\000\040\000S\000y\000m\000b\000o\000l\000i\000c\000\040\000E\000x\000e\000c\000u\000t\000i\000o\000n}{section.8}% 14
\BOOKMARK [1][-]{section.9}{\376\377\0009\000\040\000O\000p\000t\000i\000m\000i\000z\000i\000n\000g\000\040\000H\000i\000s\000t\000o\000r\000i\000e\000s\000\040\000w\000i\000t\000h\000\040\000I\000n\000s\000e\000r\000t\000s}{}% 15
\BOOKMARK [1][-]{section.10}{\376\377\0001\0000\000\040\000R\000e\000l\000a\000t\000e\000d\000\040\000W\000o\000r\000k}{}% 16
\BOOKMARK [1][-]{section.11}{\376\377\0001\0001\000\040\000E\000x\000p\000e\000r\000i\000m\000e\000n\000t\000s}{}% 17
\BOOKMARK [2][-]{subsection.11.1}{\376\377\0001\0001\000.\0001\000\040\000D\000a\000t\000a\000s\000e\000t\000s\000\040\000a\000n\000d\000\040\000W\000o\000r\000k\000l\000o\000a\000d\000s}{section.11}% 18
\BOOKMARK [2][-]{subsection.11.2}{\376\377\0001\0001\000.\0002\000\040\000C\000o\000m\000p\000a\000r\000e\000d\000\040\000M\000e\000t\000h\000o\000d\000s}{section.11}% 19
\BOOKMARK [2][-]{subsection.11.3}{\376\377\0001\0001\000.\0003\000\040\000O\000p\000t\000i\000m\000i\000z\000a\000t\000i\000o\000n\000\040\000M\000e\000t\000h\000o\000d\000s}{section.11}% 20
\BOOKMARK [2][-]{subsection.11.4}{\376\377\0001\0001\000.\0004\000\040\000M\000i\000x\000e\000d\000\040\000W\000o\000r\000k\000l\000o\000a\000d\000s\000\040\000w\000i\000t\000h\000\040\000D\000e\000l\000e\000t\000e\000s\000\040\000a\000n\000d\000\040\000I\000n\000s\000e\000r\000t\000s}{section.11}% 21
\BOOKMARK [2][-]{subsection.11.5}{\376\377\0001\0001\000.\0005\000\040\000V\000a\000r\000y\000i\000n\000g\000\040\000t\000h\000e\000\040\000n\000u\000m\000b\000e\000r\000\040\000o\000f\000\040\000m\000o\000d\000i\000f\000i\000c\000a\000t\000i\000o\000n\000s}{section.11}% 22
\BOOKMARK [2][-]{subsection.11.6}{\376\377\0001\0001\000.\0006\000\040\000S\000u\000m\000m\000a\000r\000y}{section.11}% 23
\BOOKMARK [1][-]{section.12}{\376\377\0001\0002\000\040\000C\000o\000n\000c\000l\000u\000s\000i\000o\000n\000s}{}% 24
\BOOKMARK [1][-]{section*.23}{\376\377\000R\000e\000f\000e\000r\000e\000n\000c\000e\000s}{}% 25
